3.1675 	WARNING 	We strongly recommend you activate the PTB sound engine in PsychoPy prefs as the preferred audio engine. Its timing is vastly superior. Your prefs are currently set to use ['sounddevice', 'PTB', 'pyo', 'pygame'] (in that order).
13.2147 	WARNING 	Couldn't measure a consistent frame rate!
  - Is your graphics card set to sync to vertical blank?
  - Are you running other processes on your computer?

13.2164 	EXP 	Created window1 = Window(allowGUI=True, allowStencil=False, autoLog=True, backendConf=UNKNOWN, bitsMode=UNKNOWN, blendMode='avg', bpc=(8, 8, 8), color=array([0, 0, 0]), colorSpace='rgb', depthBits=8, fullscr=<method-wrapper '__getattribute__' of attributeSetter object at 0x7fca5f0b0b20>, gamma=None, gammaErrorPolicy='raise', lms=UNKNOWN, monitor=<psychopy.monitors.calibTools.Monitor object at 0x7fca2f76cb80>, multiSample=False, name='window1', numSamples=2, pos=[360.0, 225.0], screen=0, size=array([2880, 1800]), stencilBits=0, stereo=False, units='height', useFBO=True, useRetina=True, viewOri=0.0, viewPos=None, viewScale=None, waitBlanking=True, winType='pyglet')
13.2169 	EXP 	window1: mouseVisible = True
13.2170 	EXP 	window1: mouseVisible = True
13.2171 	EXP 	window1: Attempting to measure frame rate of screen (0) ...
13.2171 	EXP 	window1: recordFrameIntervals = False
13.3308 	EXP 	window1: recordFrameIntervals = True
13.6782 	WARNING 	t of last frame was 22.38ms (=1/44)
13.7300 	WARNING 	t of last frame was 23.03ms (=1/43)
13.9444 	WARNING 	t of last frame was 23.13ms (=1/43)
14.2947 	WARNING 	t of last frame was 23.53ms (=1/42)
14.4777 	WARNING 	Multiple dropped frames have occurred - I'll stop bothering you about them!
14.5281 	WARNING 	Couldn't measure a consistent frame rate!
  - Is your graphics card set to sync to vertical blank?
  - Are you running other processes on your computer?

16.1498 	EXP 	Created displayWaiting = TextStim(__class__=<class 'psychopy.visual.text.TextStim'>, alignHoriz=method-wrapper(...), alignText='center', alignVert=method-wrapper(...), anchorHoriz='center', anchorVert='center', antialias=True, autoDraw=False, autoLog=True, bold=False, color=array([1., 1., 1.]), colorSpace='rgb', contrast=1.0, depth=-1.0, flipHoriz=False, flipVert=False, font='Open Sans', fontFiles=[], height=0.1, italic=False, languageStyle='LTR', name='displayWaiting', opacity=1.0, ori=0.0, pos=array([0., 0.]), rgb=UNKNOWN, text='Awaiting start signal from scanner...', units='height', win=Window(...), wrapWidth=1)
16.1532 	EXP 	Created ThoughtText = TextStim(__class__=<class 'psychopy.visual.text.TextStim'>, alignHoriz=method-wrapper(...), alignText='center', alignVert=method-wrapper(...), anchorHoriz='center', anchorVert='center', antialias=True, autoDraw=False, autoLog=True, bold=False, color=array([1., 1., 1.]), colorSpace='rgb', contrast=1.0, depth=0.0, flipHoriz=False, flipVert=False, font='Arial', fontFiles=[], height=0.1, italic=False, languageStyle='LTR', name='ThoughtText', opacity=1.0, ori=0, pos=array([0., 0.]), rgb=UNKNOWN, text='', units='height', win=Window(...), wrapWidth=1)
16.1554 	EXP 	Created D_Cue = TextStim(__class__=<class 'psychopy.visual.text.TextStim'>, alignHoriz=method-wrapper(...), alignText='center', alignVert=method-wrapper(...), anchorHoriz='center', anchorVert='center', antialias=True, autoDraw=False, autoLog=True, bold=False, color=array([1., 1., 1.]), colorSpace='rgb', contrast=1.0, depth=0.0, flipHoriz=False, flipVert=False, font='Arial', fontFiles=[], height=0.2, italic=False, languageStyle='LTR', name='D_Cue', opacity=1.0, ori=0, pos=array([0., 0.]), rgb=UNKNOWN, text='', units='height', win=Window(...), wrapWidth=1)
16.1595 	EXP 	Created D_Fixation = ShapeStim(__class__=<class 'psychopy.visual.shape.ShapeStim'>, anchor=('center', 'center'), autoDraw=False, autoLog=True, closeShape=True, color=method-wrapper(...), colorSpace='rgb', contrast=None, depth=-1.0, fillColor=array([1, 1, 1]), fillColorSpace='rgb', fillRGB=array([1, 1, 1]), interpolate=True, lineColor=array([1., 1., 1.]), lineColorSpace='rgb', lineRGB=array([1, 1, 1]), lineWidth=1, name='D_Fixation', opacity=1.0, ori=0.0, pos=array([0., 0.]), size=array([0.1, 0.1]), units='height', vertices=ndarray(...), win=Window(...), windingRule=None)
16.5285 	EXP 	Created Reflect = TextStim(__class__=<class 'psychopy.visual.text.TextStim'>, alignHoriz=method-wrapper(...), alignText='center', alignVert=method-wrapper(...), anchorHoriz='center', anchorVert='center', antialias=True, autoDraw=False, autoLog=True, bold=False, color=array([1., 1., 1.]), colorSpace='rgb', contrast=1.0, depth=0.0, flipHoriz=False, flipVert=False, font='Arial', fontFiles=[], height=0.1, italic=False, languageStyle='LTR', name='Reflect', opacity=1.0, ori=0, pos=array([0., 0.]), rgb=UNKNOWN, text='Notice thoughts', units='height', win=Window(...), wrapWidth=1)
16.5595 	EXP 	window1: mouseVisible = True
16.6086 	EXP 	Created slider = Slider(__class__=<class 'psychopy.visual.slider.Slider'>, autoDraw=False, autoLog=True, borderColor=None, color=None, colorSpace='rgb', depth=0, fillColor=None, flip=False, font='Open Sans', granularity=5.0, labelColor=None, labelHeight=0.05, labelWrapWidth=None, labels=None, lineColor=None, markerColor=None, name='slider', opacity=None, ori=0.0, pos=array([ 0.  , -0.25]), readOnly=False, self=UNKNOWN, size=array([1. , 0.1]), startValue=50, style='rating', styleTweaks=[], ticks=ndarray(...), units='height', win=Window(...))
16.6112 	EXP 	Created sliderText = TextStim(__class__=<class 'psychopy.visual.text.TextStim'>, alignHoriz=method-wrapper(...), alignText='center', alignVert=method-wrapper(...), anchorHoriz='center', anchorVert='center', antialias=True, autoDraw=False, autoLog=True, bold=False, color=array([1., 1., 1.]), colorSpace='rgb', contrast=1.0, depth=-2.0, flipHoriz=False, flipVert=False, font='Open Sans', fontFiles=[], height=0.05, italic=False, languageStyle='LTR', name='sliderText', opacity=1.0, ori=0.0, pos=array([0., 0.]), rgb=UNKNOWN, text='', units='height', win=Window(...), wrapWidth=1)
16.6135 	EXP 	Created showPos = TextStim(__class__=<class 'psychopy.visual.text.TextStim'>, alignHoriz=method-wrapper(...), alignText='center', alignVert=method-wrapper(...), anchorHoriz='center', anchorVert='center', antialias=True, autoDraw=False, autoLog=True, bold=False, color=array([1., 1., 1.]), colorSpace='rgb', contrast=1.0, depth=-3.0, flipHoriz=False, flipVert=False, font='Open Sans', fontFiles=[], height=0.05, italic=False, languageStyle='LTR', name='showPos', opacity=1.0, ori=0.0, pos=array([ 0. , -0.4]), rgb=UNKNOWN, text='', units='height', win=Window(...), wrapWidth=1)
16.6173 	EXP 	Created Fixation_earlyfinish = ShapeStim(__class__=<class 'psychopy.visual.shape.ShapeStim'>, anchor=('center', 'center'), autoDraw=False, autoLog=True, closeShape=True, color=method-wrapper(...), colorSpace='rgb', contrast=None, depth=0.0, fillColor=array([1, 1, 1]), fillColorSpace='rgb', fillRGB=array([1, 1, 1]), interpolate=True, lineColor=array([1., 1., 1.]), lineColorSpace='rgb', lineRGB=array([1, 1, 1]), lineWidth=1.0, name='Fixation_earlyfinish', opacity=1.0, ori=0.0, pos=array([0., 0.]), size=array([0.1, 0.1]), units='height', vertices=ndarray(...), win=Window(...), windingRule=None)
16.6201 	EXP 	Created Fixation_P = ShapeStim(__class__=<class 'psychopy.visual.shape.ShapeStim'>, anchor=('center', 'center'), autoDraw=False, autoLog=True, closeShape=True, color=method-wrapper(...), colorSpace='rgb', contrast=None, depth=0.0, fillColor=array([1, 1, 1]), fillColorSpace='rgb', fillRGB=array([1, 1, 1]), interpolate=True, lineColor=array([1., 1., 1.]), lineColorSpace='rgb', lineRGB=array([1, 1, 1]), lineWidth=1, name='Fixation_P', opacity=1.0, ori=0.0, pos=array([0., 0.]), size=array([0.1, 0.1]), units='height', vertices=ndarray(...), win=Window(...), windingRule=None)
16.6206 	EXP 	Created sequence: sequential, trialTypes=1, nReps=9, seed=None
16.6210 	EXP 	New trial (rep=0, index=0): None
16.6359 	EXP 	slider: autoLog = True
16.6359 	EXP 	slider: markerPos = 50
16.6359 	EXP 	slider: styleTweaks = []
16.6359 	EXP 	slider: styleTweaks = []
16.6359 	EXP 	slider: styleTweaks = []
16.6359 	EXP 	slider: styleTweaks = []
16.6359 	EXP 	slider: contrast = 1.0
16.6359 	EXP 	slider: autoLog = True
16.6359 	EXP 	displayWaiting: autoDraw = True
17.0874 	EXP 	New trial (rep=1, index=0): None
17.0920 	DATA 	Keypress: equal
17.1024 	EXP 	displayWaiting: autoDraw = False
17.1024 	EXP 	displayWaiting: autoDraw = True
17.3451 	EXP 	New trial (rep=2, index=0): None
17.3482 	DATA 	Keypress: equal
17.3625 	EXP 	displayWaiting: autoDraw = False
17.3625 	EXP 	displayWaiting: autoDraw = True
17.5807 	EXP 	New trial (rep=3, index=0): None
17.5839 	DATA 	Keypress: equal
17.5932 	EXP 	displayWaiting: autoDraw = False
17.5932 	EXP 	displayWaiting: autoDraw = True
17.8373 	EXP 	New trial (rep=4, index=0): None
17.8399 	DATA 	Keypress: equal
17.8522 	EXP 	displayWaiting: autoDraw = False
17.8522 	EXP 	displayWaiting: autoDraw = True
18.0895 	EXP 	New trial (rep=5, index=0): None
18.0934 	DATA 	Keypress: equal
18.1022 	EXP 	displayWaiting: autoDraw = False
18.1022 	EXP 	displayWaiting: autoDraw = True
18.3449 	EXP 	New trial (rep=6, index=0): None
18.3487 	DATA 	Keypress: equal
18.3578 	EXP 	displayWaiting: autoDraw = False
18.3578 	EXP 	displayWaiting: autoDraw = True
18.5983 	EXP 	New trial (rep=7, index=0): None
18.6017 	DATA 	Keypress: equal
18.6113 	EXP 	displayWaiting: autoDraw = False
18.6113 	EXP 	displayWaiting: autoDraw = True
18.8635 	EXP 	New trial (rep=8, index=0): None
18.8666 	DATA 	Keypress: equal
18.8759 	EXP 	displayWaiting: autoDraw = False
18.8759 	EXP 	displayWaiting: autoDraw = True
19.1206 	EXP 	Imported Runs.csv as conditions, 3 conditions, 1 params
19.1209 	EXP 	Created sequence: sequential, trialTypes=3, nReps=1, seed=None
19.1213 	EXP 	New trial (rep=0, index=0): OrderedDict([('RunNumber', 1)])
19.1268 	EXP 	Imported ThoughtStimuli_subject001_run1.csv as conditions, 9 conditions, 3 params
19.1273 	EXP 	Created sequence: sequential, trialTypes=9, nReps=1, seed=None
19.1276 	EXP 	New trial (rep=0, index=0): OrderedDict([('ThoughtNumber', 1), ('Thought', 'homework'), ('Intensity', 'high')])
19.1387 	DATA 	Keypress: equal
19.1478 	EXP 	displayWaiting: autoDraw = False
19.1478 	EXP 	ThoughtText: height = 0.1
19.1478 	EXP 	ThoughtText: height = 0.1
19.1478 	EXP 	ThoughtText: height = 0.1
19.1478 	EXP 	ThoughtText: text = 'homework'
19.1478 	EXP 	ThoughtText: autoDraw = True
22.1053 	DATA 	Keypress: escape
23.0267 	EXP 	window1: mouseVisible = True
